Compiled jquery.js  (3ms)  (pid 7138)
Compiled jquery_ujs.js  (0ms)  (pid 7138)
Compiled twitter/bootstrap/bootstrap-transition.js  (0ms)  (pid 7138)
Compiled twitter/bootstrap/bootstrap-alert.js  (0ms)  (pid 7138)
Compiled twitter/bootstrap/bootstrap-modal.js  (0ms)  (pid 7138)
Compiled twitter/bootstrap/bootstrap-dropdown.js  (0ms)  (pid 7138)
Compiled twitter/bootstrap/bootstrap-scrollspy.js  (0ms)  (pid 7138)
Compiled twitter/bootstrap/bootstrap-tab.js  (0ms)  (pid 7138)
Compiled twitter/bootstrap/bootstrap-tooltip.js  (0ms)  (pid 7138)
Compiled twitter/bootstrap/bootstrap-popover.js  (0ms)  (pid 7138)
Compiled twitter/bootstrap/bootstrap-button.js  (0ms)  (pid 7138)
Compiled twitter/bootstrap/bootstrap-collapse.js  (1ms)  (pid 7138)
Compiled twitter/bootstrap/bootstrap-carousel.js  (2ms)  (pid 7138)
Compiled twitter/bootstrap/bootstrap-typeahead.js  (0ms)  (pid 7138)
Compiled twitter/bootstrap.js  (285ms)  (pid 7138)
Compiled bootstrap.js  (152ms)  (pid 7138)
Compiled products.js  (2ms)  (pid 7138)
Compiled application.js  (575ms)  (pid 7138)
Compiled bootstrap_and_overrides.css  (1255ms)  (pid 7138)
Compiled application.css  (1269ms)  (pid 7138)
Compiled jquery.js  (44ms)  (pid 7174)
Compiled jquery_ujs.js  (2ms)  (pid 7174)
Compiled twitter/bootstrap/bootstrap-transition.js  (0ms)  (pid 7174)
Compiled twitter/bootstrap/bootstrap-alert.js  (3ms)  (pid 7174)
Compiled twitter/bootstrap/bootstrap-modal.js  (0ms)  (pid 7174)
Compiled twitter/bootstrap/bootstrap-dropdown.js  (0ms)  (pid 7174)
Compiled twitter/bootstrap/bootstrap-scrollspy.js  (0ms)  (pid 7174)
Compiled twitter/bootstrap/bootstrap-tab.js  (0ms)  (pid 7174)
Compiled twitter/bootstrap/bootstrap-tooltip.js  (0ms)  (pid 7174)
Compiled twitter/bootstrap/bootstrap-popover.js  (1ms)  (pid 7174)
Compiled twitter/bootstrap/bootstrap-button.js  (0ms)  (pid 7174)
Compiled twitter/bootstrap/bootstrap-collapse.js  (4ms)  (pid 7174)
Compiled twitter/bootstrap/bootstrap-carousel.js  (1ms)  (pid 7174)
Compiled twitter/bootstrap/bootstrap-typeahead.js  (0ms)  (pid 7174)
Compiled twitter/bootstrap.js  (298ms)  (pid 7174)
Compiled bootstrap.js  (152ms)  (pid 7174)
Compiled products.js  (1ms)  (pid 7174)
Compiled application.js  (566ms)  (pid 7174)
Compiled bootstrap_and_overrides.css  (1373ms)  (pid 7174)
Compiled application.css  (1442ms)  (pid 7174)
Compiled jquery.js  (4ms)  (pid 7174)
Compiled jquery_ujs.js  (0ms)  (pid 7174)
Compiled twitter/bootstrap/bootstrap-transition.js  (0ms)  (pid 7174)
Compiled twitter/bootstrap/bootstrap-alert.js  (2ms)  (pid 7174)
Compiled twitter/bootstrap/bootstrap-modal.js  (0ms)  (pid 7174)
Compiled twitter/bootstrap/bootstrap-dropdown.js  (1ms)  (pid 7174)
Compiled twitter/bootstrap/bootstrap-scrollspy.js  (0ms)  (pid 7174)
Compiled twitter/bootstrap/bootstrap-tab.js  (0ms)  (pid 7174)
Compiled twitter/bootstrap/bootstrap-tooltip.js  (0ms)  (pid 7174)
Compiled twitter/bootstrap/bootstrap-popover.js  (0ms)  (pid 7174)
Compiled twitter/bootstrap/bootstrap-button.js  (0ms)  (pid 7174)
Compiled twitter/bootstrap/bootstrap-collapse.js  (0ms)  (pid 7174)
Compiled twitter/bootstrap/bootstrap-carousel.js  (2ms)  (pid 7174)
Compiled twitter/bootstrap/bootstrap-typeahead.js  (1ms)  (pid 7174)
Compiled twitter/bootstrap.js  (345ms)  (pid 7174)
Compiled bootstrap.js  (162ms)  (pid 7174)
Compiled products.js  (1ms)  (pid 7174)
Compiled application.js  (591ms)  (pid 7174)
Compiled bootstrap_and_overrides.css  (4154ms)  (pid 7174)
Compiled application.css  (4263ms)  (pid 7174)
